0 info it worked if it ends with ok
1 verbose cli [ '/usr/bin/nodejs', '/usr/bin/npm', 'i', '-g', 'npm' ]
2 info using npm@3.5.2
3 info using node@v4.2.6
4 silly loadCurrentTree Starting
5 silly install loadCurrentTree
6 silly install readGlobalPackageData
7 silly fetchPackageMetaData npm
8 silly fetchNamedPackageData npm
9 silly mapToRegistry name npm
10 silly mapToRegistry using default registry
11 silly mapToRegistry registry https://registry.npmjs.org/
12 silly mapToRegistry uri https://registry.npmjs.org/npm
13 verbose get https://registry.npmjs.org/npm not expired, no request
14 silly rollbackFailedOptional Starting
15 silly rollbackFailedOptional Finishing
16 silly runTopLevelLifecycles Starting
17 silly runTopLevelLifecycles Finishing
18 silly install printInstalled
19 verbose stack Error: ENOENT: no such file or directory, stat '/usr/local/lib/node_modules/npm'
19 verbose stack     at Error (native)
20 verbose cwd /opt/lampp/htdocs/san
21 error Linux 4.4.0-79-generic
22 error argv "/usr/bin/nodejs" "/usr/bin/npm" "i" "-g" "npm"
23 error node v4.2.6
24 error npm  v3.5.2
25 error path /usr/local/lib/node_modules/npm
26 error code ENOENT
27 error errno -2
28 error syscall stat
29 error enoent ENOENT: no such file or directory, stat '/usr/local/lib/node_modules/npm'
30 error enoent ENOENT: no such file or directory, stat '/usr/local/lib/node_modules/npm'
30 error enoent This is most likely not a problem with npm itself
30 error enoent and is related to npm not being able to find a file.
31 verbose exit [ -2, true ]
